<?xml version="1.0" encoding="UTF-8"?>
<testng-results ignored="0" total="1" passed="1" failed="0" skipped="0">
  <reporter-output>
  </reporter-output>
  <suite started-at="2024-03-31T08:56:26 IST" name="Default suite" finished-at="2024-03-31T08:57:45 IST" duration-ms="78673">
    <groups>
    </groups>
    <test started-at="2024-03-31T08:56:26 IST" name="Default test" finished-at="2024-03-31T08:57:45 IST" duration-ms="78673">
      <class name="test.InitialPagetest">
        <test-method is-config="true" signature="setup()[pri:0, instance:test.InitialPagetest@38d8f54a]" started-at="2024-03-31T08:56:26 IST" name="setup" finished-at="2024-03-31T08:56:29 IST" duration-ms="2555" status="PASS">
          <reporter-output>
          </reporter-output>
        </test-method> <!-- setup -->
        <test-method is-config="true" signature="url()[pri:0, instance:test.InitialPagetest@38d8f54a]" started-at="2024-03-31T08:56:29 IST" name="url" finished-at="2024-03-31T08:56:35 IST" duration-ms="6255" status="PASS">
          <reporter-output>
          </reporter-output>
        </test-method> <!-- url -->
        <test-method signature="cmlogintest()[pri:0, instance:test.InitialPagetest@38d8f54a]" started-at="2024-03-31T08:56:35 IST" name="cmlogintest" finished-at="2024-03-31T08:57:45 IST" duration-ms="69803" status="PASS">
          <reporter-output>
          </reporter-output>
        </test-method> <!-- cmlogintest -->
      </class> <!-- test.InitialPagetest -->
    </test> <!-- Default test -->
  </suite> <!-- Default suite -->
</testng-results>
